[debug] [2021-05-01T11:54:46.647Z] ----------------------------------------------------------------------
[debug] [2021-05-01T11:54:46.651Z] Command:       C:\Program Files\nodejs\node.exe C:\Users\Programmer\AppData\Roaming\npm\node_modules\firebase-tools\lib\bin\firebase.js serve
[debug] [2021-05-01T11:54:46.652Z] CLI Version:   9.10.0
[debug] [2021-05-01T11:54:46.652Z] Platform:      win32
[debug] [2021-05-01T11:54:46.652Z] Node Version:  v15.5.0
[debug] [2021-05-01T11:54:46.665Z] Time:          Sat May 01 2021 16:24:46 GMT+0430 (وقت تابستانی ایران)
[debug] [2021-05-01T11:54:46.665Z] ----------------------------------------------------------------------
[debug] 
[debug] [2021-05-01T11:54:46.682Z] > command requires scopes: ["email","openid","https://www.googleapis.com/auth/cloudplatformprojects.readonly","https://www.googleapis.com/auth/firebase","https://www.googleapis.com/auth/cloud-platform"]
[debug] [2021-05-01T11:54:46.683Z] > authorizing via signed-in user (f.zamanipour@gmail.com)
[debug] [2021-05-01T11:54:46.683Z] [iam] checking project clone-3cadd for permissions ["firebase.projects.get"]
[debug] [2021-05-01T11:54:46.690Z] > refreshing access token with scopes: ["email","https://www.googleapis.com/auth/cloud-platform","https://www.googleapis.com/auth/cloudplatformprojects.readonly","https://www.googleapis.com/auth/firebase","openid"]
[debug] [2021-05-01T11:54:46.690Z] >>> HTTP REQUEST POST https://www.googleapis.com/oauth2/v3/token  
 <request body omitted>
[debug] [2021-05-01T11:54:47.790Z] <<< HTTP RESPONSE 200 {"date":"Sat, 01 May 2021 11:54:47 GMT","cache-control":"no-cache, no-store, max-age=0, must-revalidate","expires":"Mon, 01 Jan 1990 00:00:00 GMT","pragma":"no-cache","content-type":"application/json; charset=utf-8","vary":"X-Origin, Referer, Origin,Accept-Encoding","server":"scaffolding on HTTPServer2","x-xss-protection":"0","x-frame-options":"SAMEORIGIN","x-content-type-options":"nosniff","alt-svc":"h3-29=\":443\"; ma=2592000,h3-T051=\":443\"; ma=2592000,h3-Q050=\":443\"; ma=2592000,h3-Q046=\":443\"; ma=2592000,h3-Q043=\":443\"; ma=2592000,quic=\":443\"; ma=2592000; v=\"46,43\"","accept-ranges":"none","transfer-encoding":"chunked"}
[debug] [2021-05-01T11:54:47.824Z] >>> HTTP REQUEST POST https://cloudresourcemanager.googleapis.com/v1/projects/clone-3cadd:testIamPermissions  
 {"permissions":["firebase.projects.get"]}
[debug] [2021-05-01T11:54:50.434Z] <<< HTTP RESPONSE 200 {"content-type":"application/json; charset=UTF-8","vary":"X-Origin, Referer, Origin,Accept-Encoding","date":"Sat, 01 May 2021 11:54:49 GMT","server":"ESF","cache-control":"private","x-xss-protection":"0","x-frame-options":"SAMEORIGIN","x-content-type-options":"nosniff","server-timing":"gfet4t7; dur=649","alt-svc":"h3-29=\":443\"; ma=2592000,h3-T051=\":443\"; ma=2592000,h3-Q050=\":443\"; ma=2592000,h3-Q046=\":443\"; ma=2592000,h3-Q043=\":443\"; ma=2592000,quic=\":443\"; ma=2592000; v=\"46,43\"","accept-ranges":"none","transfer-encoding":"chunked"}
[debug] [2021-05-01T11:54:50.437Z] > refreshing access token with scopes: []
[debug] [2021-05-01T11:54:50.438Z] >>> HTTP REQUEST POST https://www.googleapis.com/oauth2/v3/token  
 <request body omitted>
[debug] [2021-05-01T11:54:54.872Z] <<< HTTP RESPONSE 200 {"expires":"Mon, 01 Jan 1990 00:00:00 GMT","cache-control":"no-cache, no-store, max-age=0, must-revalidate","pragma":"no-cache","date":"Sat, 01 May 2021 11:54:54 GMT","content-type":"application/json; charset=utf-8","vary":"X-Origin, Referer, Origin,Accept-Encoding","server":"scaffolding on HTTPServer2","x-xss-protection":"0","x-frame-options":"SAMEORIGIN","x-content-type-options":"nosniff","alt-svc":"h3-29=\":443\"; ma=2592000,h3-T051=\":443\"; ma=2592000,h3-Q050=\":443\"; ma=2592000,h3-Q046=\":443\"; ma=2592000,h3-Q043=\":443\"; ma=2592000,quic=\":443\"; ma=2592000; v=\"46,43\"","accept-ranges":"none","transfer-encoding":"chunked"}
[debug] [2021-05-01T11:54:54.915Z] >>> [apiv2][query] GET https://firebase.googleapis.com/v1beta1/projects/clone-3cadd [none]
[debug] [2021-05-01T11:54:56.313Z] <<< [apiv2][status] GET https://firebase.googleapis.com/v1beta1/projects/clone-3cadd 200
[debug] [2021-05-01T11:54:56.313Z] <<< [apiv2][body] GET https://firebase.googleapis.com/v1beta1/projects/clone-3cadd {"projectId":"clone-3cadd","projectNumber":"79749100140","displayName":"amazon-clone","name":"projects/clone-3cadd","resources":{"hostingSite":"clone-3cadd","storageBucket":"clone-3cadd.appspot.com","locationId":"us-central"},"state":"ACTIVE"}
[info] 
[info] === Serving from 'D:\amazonclone\amazon-clone'...
[info] 
[debug] [2021-05-01T11:54:56.322Z] >>> [apiv2][query] GET https://firebase.googleapis.com/v1beta1/projects/clone-3cadd/webApps/-/config [none]
[warn] !  Your requested "node" version "12" doesn't match your global version "15" {"metadata":{"emulator":{"name":"functions"},"message":"Your requested \"node\" version \"12\" doesn't match your global version \"15\""}}
[debug] [2021-05-01T11:54:56.350Z] defaultcredentials: writing to file C:\Users\Programmer\AppData\Roaming\firebase\f_zamanipour_gmail.com_application_default_credentials.json
[debug] [2021-05-01T11:54:56.352Z] Setting GAC to C:\Users\Programmer\AppData\Roaming\firebase\f_zamanipour_gmail.com_application_default_credentials.json {"metadata":{"emulator":{"name":"functions"},"message":"Setting GAC to C:\\Users\\Programmer\\AppData\\Roaming\\firebase\\f_zamanipour_gmail.com_application_default_credentials.json"}}
[debug] [2021-05-01T11:54:56.354Z] >>> [apiv2][query] GET https://firebase.googleapis.com/v1beta1/projects/clone-3cadd/adminSdkConfig [none]
[debug] [2021-05-01T11:54:57.130Z] <<< [apiv2][status] GET https://firebase.googleapis.com/v1beta1/projects/clone-3cadd/adminSdkConfig 200
[debug] [2021-05-01T11:54:57.131Z] <<< [apiv2][body] GET https://firebase.googleapis.com/v1beta1/projects/clone-3cadd/adminSdkConfig {"projectId":"clone-3cadd","storageBucket":"clone-3cadd.appspot.com","locationId":"us-central"}
[debug] [2021-05-01T11:54:57.687Z] <<< [apiv2][status] GET https://firebase.googleapis.com/v1beta1/projects/clone-3cadd/webApps/-/config 200
[debug] [2021-05-01T11:54:57.687Z] <<< [apiv2][body] GET https://firebase.googleapis.com/v1beta1/projects/clone-3cadd/webApps/-/config {"projectId":"clone-3cadd","appId":"1:79749100140:web:60f2b0d241e67fa4189e49","storageBucket":"clone-3cadd.appspot.com","locationId":"us-central","apiKey":"AIzaSyAGa_xskqS7jKJbu9aiECjJ96_uwWL1BDg","authDomain":"clone-3cadd.firebaseapp.com","messagingSenderId":"79749100140","measurementId":"G-PQ2W0E7356"}
[info] i  functions: Watching "D:\amazonclone\amazon-clone\functions" for Cloud Functions... {"metadata":{"emulator":{"name":"functions"},"message":"Watching \"D:\\amazonclone\\amazon-clone\\functions\" for Cloud Functions..."}}
[debug] [2021-05-01T11:54:57.814Z] [worker-pool] addWorker(~diagnostic~) {"metadata":{"emulator":{"name":"functions"},"message":"[worker-pool] addWorker(~diagnostic~)"}}
[debug] [2021-05-01T11:54:57.815Z] [worker-pool] Adding worker with key ~diagnostic~, total=1 {"metadata":{"emulator":{"name":"functions"},"message":"[worker-pool] Adding worker with key ~diagnostic~, total=1"}}
[debug] [2021-05-01T11:54:57.817Z] [worker-pool] submitWork(triggerId=) {"metadata":{"emulator":{"name":"functions"},"message":"[worker-pool] submitWork(triggerId=)"}}
[debug] [2021-05-01T11:54:57.818Z] [worker-~diagnostic~-de17cc6e-50d4-49db-86c4-da2f6618ac31]: Assigning socketPath: \\?\pipe\D:\amazonclone\amazon-clone\functions\11360 {"metadata":{"emulator":{"name":"functions"},"message":"[worker-~diagnostic~-de17cc6e-50d4-49db-86c4-da2f6618ac31]: Assigning socketPath: \\\\?\\pipe\\D:\\amazonclone\\amazon-clone\\functions\\11360"}}
[debug] [2021-05-01T11:54:57.819Z] [worker-~diagnostic~-de17cc6e-50d4-49db-86c4-da2f6618ac31]: BUSY {"metadata":{"emulator":{"name":"functions"},"message":"[worker-~diagnostic~-de17cc6e-50d4-49db-86c4-da2f6618ac31]: BUSY"}}
[info] i  hosting: Serving hosting files from: build {"metadata":{"emulator":{"name":"hosting"},"message":"Serving hosting files from: \u001b[1mbuild\u001b[22m"}}
[info] +  hosting: Local server: http://localhost:5000 {"metadata":{"emulator":{"name":"hosting"},"message":"Local server: \u001b[4m\u001b[1mhttp://localhost:5000\u001b[22m\u001b[24m"}}
[debug] [2021-05-01T11:54:58.323Z] [runtime-status] [11360] Functions runtime initialized. {"cwd":"D:\\amazonclone\\amazon-clone\\functions","node_version":"15.5.0"} {"metadata":{"emulator":{"name":"functions"},"message":"[runtime-status] [11360] Functions runtime initialized. {\"cwd\":\"D:\\\\amazonclone\\\\amazon-clone\\\\functions\",\"node_version\":\"15.5.0\"}"}}
[debug] [2021-05-01T11:54:58.324Z] [runtime-status] [11360] Disabled runtime features: undefined {"metadata":{"emulator":{"name":"functions"},"message":"[runtime-status] [11360] Disabled runtime features: undefined"}}
[debug] [2021-05-01T11:54:58.333Z] [runtime-status] [11360] Resolved module firebase-admin {"declared":true,"installed":true,"version":"9.6.0","resolution":"D:\\amazonclone\\amazon-clone\\functions\\node_modules\\firebase-admin\\lib\\index.js"} {"metadata":{"emulator":{"name":"functions"},"message":"[runtime-status] [11360] Resolved module firebase-admin {\"declared\":true,\"installed\":true,\"version\":\"9.6.0\",\"resolution\":\"D:\\\\amazonclone\\\\amazon-clone\\\\functions\\\\node_modules\\\\firebase-admin\\\\lib\\\\index.js\"}"}}
[debug] [2021-05-01T11:54:58.338Z] [runtime-status] [11360] Resolved module firebase-functions {"declared":true,"installed":true,"version":"3.13.2","resolution":"D:\\amazonclone\\amazon-clone\\functions\\node_modules\\firebase-functions\\lib\\index.js"} {"metadata":{"emulator":{"name":"functions"},"message":"[runtime-status] [11360] Resolved module firebase-functions {\"declared\":true,\"installed\":true,\"version\":\"3.13.2\",\"resolution\":\"D:\\\\amazonclone\\\\amazon-clone\\\\functions\\\\node_modules\\\\firebase-functions\\\\lib\\\\index.js\"}"}}
[debug] [2021-05-01T11:54:58.341Z] [runtime-status] [11360] Resolved module firebase-functions {"declared":true,"installed":true,"version":"3.13.2","resolution":"D:\\amazonclone\\amazon-clone\\functions\\node_modules\\firebase-functions\\lib\\index.js"} {"metadata":{"emulator":{"name":"functions"},"message":"[runtime-status] [11360] Resolved module firebase-functions {\"declared\":true,\"installed\":true,\"version\":\"3.13.2\",\"resolution\":\"D:\\\\amazonclone\\\\amazon-clone\\\\functions\\\\node_modules\\\\firebase-functions\\\\lib\\\\index.js\"}"}}
[debug] [2021-05-01T11:54:58.344Z] [runtime-status] [11360] Outgoing network have been stubbed. [{"name":"http","status":"mocked"},{"name":"http","status":"mocked"},{"name":"https","status":"mocked"},{"name":"https","status":"mocked"},{"name":"net","status":"mocked"}] {"metadata":{"emulator":{"name":"functions"},"message":"[runtime-status] [11360] Outgoing network have been stubbed. [{\"name\":\"http\",\"status\":\"mocked\"},{\"name\":\"http\",\"status\":\"mocked\"},{\"name\":\"https\",\"status\":\"mocked\"},{\"name\":\"https\",\"status\":\"mocked\"},{\"name\":\"net\",\"status\":\"mocked\"}]"}}
[debug] [2021-05-01T11:54:58.347Z] [runtime-status] [11360] Resolved module firebase-functions {"declared":true,"installed":true,"version":"3.13.2","resolution":"D:\\amazonclone\\amazon-clone\\functions\\node_modules\\firebase-functions\\lib\\index.js"} {"metadata":{"emulator":{"name":"functions"},"message":"[runtime-status] [11360] Resolved module firebase-functions {\"declared\":true,\"installed\":true,\"version\":\"3.13.2\",\"resolution\":\"D:\\\\amazonclone\\\\amazon-clone\\\\functions\\\\node_modules\\\\firebase-functions\\\\lib\\\\index.js\"}"}}
[debug] [2021-05-01T11:54:58.467Z] [runtime-status] [11360] Checked functions.config() {"config":{}} {"metadata":{"emulator":{"name":"functions"},"message":"[runtime-status] [11360] Checked functions.config() {\"config\":{}}"}}
[debug] [2021-05-01T11:54:58.468Z] [runtime-status] [11360] firebase-functions has been stubbed. {"functionsResolution":{"declared":true,"installed":true,"version":"3.13.2","resolution":"D:\\amazonclone\\amazon-clone\\functions\\node_modules\\firebase-functions\\lib\\index.js"}} {"metadata":{"emulator":{"name":"functions"},"message":"[runtime-status] [11360] firebase-functions has been stubbed. {\"functionsResolution\":{\"declared\":true,\"installed\":true,\"version\":\"3.13.2\",\"resolution\":\"D:\\\\amazonclone\\\\amazon-clone\\\\functions\\\\node_modules\\\\firebase-functions\\\\lib\\\\index.js\"}}"}}
[debug] [2021-05-01T11:54:58.469Z] [runtime-status] [11360] Resolved module firebase-functions {"declared":true,"installed":true,"version":"3.13.2","resolution":"D:\\amazonclone\\amazon-clone\\functions\\node_modules\\firebase-functions\\lib\\index.js"} {"metadata":{"emulator":{"name":"functions"},"message":"[runtime-status] [11360] Resolved module firebase-functions {\"declared\":true,\"installed\":true,\"version\":\"3.13.2\",\"resolution\":\"D:\\\\amazonclone\\\\amazon-clone\\\\functions\\\\node_modules\\\\firebase-functions\\\\lib\\\\index.js\"}"}}
[debug] [2021-05-01T11:54:58.471Z] [runtime-status] [11360] Resolved module firebase-admin {"declared":true,"installed":true,"version":"9.6.0","resolution":"D:\\amazonclone\\amazon-clone\\functions\\node_modules\\firebase-admin\\lib\\index.js"} {"metadata":{"emulator":{"name":"functions"},"message":"[runtime-status] [11360] Resolved module firebase-admin {\"declared\":true,\"installed\":true,\"version\":\"9.6.0\",\"resolution\":\"D:\\\\amazonclone\\\\amazon-clone\\\\functions\\\\node_modules\\\\firebase-admin\\\\lib\\\\index.js\"}"}}
[debug] [2021-05-01T11:54:58.472Z] [runtime-status] [11360] Resolved module firebase-functions {"declared":true,"installed":true,"version":"3.13.2","resolution":"D:\\amazonclone\\amazon-clone\\functions\\node_modules\\firebase-functions\\lib\\index.js"} {"metadata":{"emulator":{"name":"functions"},"message":"[runtime-status] [11360] Resolved module firebase-functions {\"declared\":true,\"installed\":true,\"version\":\"3.13.2\",\"resolution\":\"D:\\\\amazonclone\\\\amazon-clone\\\\functions\\\\node_modules\\\\firebase-functions\\\\lib\\\\index.js\"}"}}
[debug] [2021-05-01T11:54:58.472Z] [runtime-status] [11360] firebase-admin has been stubbed. {"adminResolution":{"declared":true,"installed":true,"version":"9.6.0","resolution":"D:\\amazonclone\\amazon-clone\\functions\\node_modules\\firebase-admin\\lib\\index.js"}} {"metadata":{"emulator":{"name":"functions"},"message":"[runtime-status] [11360] firebase-admin has been stubbed. {\"adminResolution\":{\"declared\":true,\"installed\":true,\"version\":\"9.6.0\",\"resolution\":\"D:\\\\amazonclone\\\\amazon-clone\\\\functions\\\\node_modules\\\\firebase-admin\\\\lib\\\\index.js\"}}"}}
[info] +  functions[api]: http function initialized (http://localhost:5001/clone-3cadd/us-central1/api). {"metadata":{"emulator":{"name":"functions"},"message":"\u001b[1mhttp\u001b[22m function initialized (http://localhost:5001/clone-3cadd/us-central1/api)."}}
[debug] [2021-05-01T11:54:58.908Z] [worker-~diagnostic~-de17cc6e-50d4-49db-86c4-da2f6618ac31]: IDLE {"metadata":{"emulator":{"name":"functions"},"message":"[worker-~diagnostic~-de17cc6e-50d4-49db-86c4-da2f6618ac31]: IDLE"}}
[debug] [2021-05-01T11:58:30.581Z] [work-queue] {"queueLength":1,"workRunningCount":0}
[debug] [2021-05-01T11:58:30.582Z] [work-queue] {"queueLength":0,"workRunningCount":1}
[debug] [2021-05-01T11:58:30.583Z] Accepted request GET /clone-3cadd/us-central1/api --> api
[debug] [2021-05-01T11:58:30.594Z] [worker-pool] addWorker(api) {"metadata":{"emulator":{"name":"functions"},"message":"[worker-pool] addWorker(api)"}}
[debug] [2021-05-01T11:58:30.595Z] [worker-pool] Adding worker with key api, total=1 {"metadata":{"emulator":{"name":"functions"},"message":"[worker-pool] Adding worker with key api, total=1"}}
[debug] [2021-05-01T11:58:30.595Z] [worker-pool] submitWork(triggerId=api) {"metadata":{"emulator":{"name":"functions"},"message":"[worker-pool] submitWork(triggerId=api)"}}
[debug] [2021-05-01T11:58:30.597Z] [worker-api-a861f5f4-52b0-439d-b823-e98db6059041]: Assigning socketPath: \\?\pipe\D:\amazonclone\amazon-clone\functions\9668 {"metadata":{"emulator":{"name":"functions"},"message":"[worker-api-a861f5f4-52b0-439d-b823-e98db6059041]: Assigning socketPath: \\\\?\\pipe\\D:\\amazonclone\\amazon-clone\\functions\\9668"}}
[debug] [2021-05-01T11:58:30.597Z] [worker-api-a861f5f4-52b0-439d-b823-e98db6059041]: BUSY {"metadata":{"emulator":{"name":"functions"},"message":"[worker-api-a861f5f4-52b0-439d-b823-e98db6059041]: BUSY"}}
[debug] [2021-05-01T11:58:31.074Z] [runtime-status] [9668] Functions runtime initialized. {"cwd":"D:\\amazonclone\\amazon-clone\\functions","node_version":"15.5.0"} {"metadata":{"emulator":{"name":"functions"},"function":{"name":"api"},"message":"[runtime-status] [9668] Functions runtime initialized. {\"cwd\":\"D:\\\\amazonclone\\\\amazon-clone\\\\functions\",\"node_version\":\"15.5.0\"}"}}
[debug] [2021-05-01T11:58:31.076Z] [runtime-status] [9668] Disabled runtime features: undefined {"metadata":{"emulator":{"name":"functions"},"function":{"name":"api"},"message":"[runtime-status] [9668] Disabled runtime features: undefined"}}
[debug] [2021-05-01T11:58:31.085Z] [runtime-status] [9668] Resolved module firebase-admin {"declared":true,"installed":true,"version":"9.6.0","resolution":"D:\\amazonclone\\amazon-clone\\functions\\node_modules\\firebase-admin\\lib\\index.js"} {"metadata":{"emulator":{"name":"functions"},"function":{"name":"api"},"message":"[runtime-status] [9668] Resolved module firebase-admin {\"declared\":true,\"installed\":true,\"version\":\"9.6.0\",\"resolution\":\"D:\\\\amazonclone\\\\amazon-clone\\\\functions\\\\node_modules\\\\firebase-admin\\\\lib\\\\index.js\"}"}}
[debug] [2021-05-01T11:58:31.088Z] [runtime-status] [9668] Resolved module firebase-functions {"declared":true,"installed":true,"version":"3.13.2","resolution":"D:\\amazonclone\\amazon-clone\\functions\\node_modules\\firebase-functions\\lib\\index.js"} {"metadata":{"emulator":{"name":"functions"},"function":{"name":"api"},"message":"[runtime-status] [9668] Resolved module firebase-functions {\"declared\":true,\"installed\":true,\"version\":\"3.13.2\",\"resolution\":\"D:\\\\amazonclone\\\\amazon-clone\\\\functions\\\\node_modules\\\\firebase-functions\\\\lib\\\\index.js\"}"}}
[debug] [2021-05-01T11:58:31.091Z] [runtime-status] [9668] Resolved module firebase-functions {"declared":true,"installed":true,"version":"3.13.2","resolution":"D:\\amazonclone\\amazon-clone\\functions\\node_modules\\firebase-functions\\lib\\index.js"} {"metadata":{"emulator":{"name":"functions"},"function":{"name":"api"},"message":"[runtime-status] [9668] Resolved module firebase-functions {\"declared\":true,\"installed\":true,\"version\":\"3.13.2\",\"resolution\":\"D:\\\\amazonclone\\\\amazon-clone\\\\functions\\\\node_modules\\\\firebase-functions\\\\lib\\\\index.js\"}"}}
[debug] [2021-05-01T11:58:31.094Z] [runtime-status] [9668] Outgoing network have been stubbed. [{"name":"http","status":"mocked"},{"name":"http","status":"mocked"},{"name":"https","status":"mocked"},{"name":"https","status":"mocked"},{"name":"net","status":"mocked"}] {"metadata":{"emulator":{"name":"functions"},"function":{"name":"api"},"message":"[runtime-status] [9668] Outgoing network have been stubbed. [{\"name\":\"http\",\"status\":\"mocked\"},{\"name\":\"http\",\"status\":\"mocked\"},{\"name\":\"https\",\"status\":\"mocked\"},{\"name\":\"https\",\"status\":\"mocked\"},{\"name\":\"net\",\"status\":\"mocked\"}]"}}
[debug] [2021-05-01T11:58:31.095Z] [runtime-status] [9668] Resolved module firebase-functions {"declared":true,"installed":true,"version":"3.13.2","resolution":"D:\\amazonclone\\amazon-clone\\functions\\node_modules\\firebase-functions\\lib\\index.js"} {"metadata":{"emulator":{"name":"functions"},"function":{"name":"api"},"message":"[runtime-status] [9668] Resolved module firebase-functions {\"declared\":true,\"installed\":true,\"version\":\"3.13.2\",\"resolution\":\"D:\\\\amazonclone\\\\amazon-clone\\\\functions\\\\node_modules\\\\firebase-functions\\\\lib\\\\index.js\"}"}}
[debug] [2021-05-01T11:58:31.190Z] [runtime-status] [9668] Checked functions.config() {"config":{}} {"metadata":{"emulator":{"name":"functions"},"function":{"name":"api"},"message":"[runtime-status] [9668] Checked functions.config() {\"config\":{}}"}}
[debug] [2021-05-01T11:58:31.191Z] [runtime-status] [9668] firebase-functions has been stubbed. {"functionsResolution":{"declared":true,"installed":true,"version":"3.13.2","resolution":"D:\\amazonclone\\amazon-clone\\functions\\node_modules\\firebase-functions\\lib\\index.js"}} {"metadata":{"emulator":{"name":"functions"},"function":{"name":"api"},"message":"[runtime-status] [9668] firebase-functions has been stubbed. {\"functionsResolution\":{\"declared\":true,\"installed\":true,\"version\":\"3.13.2\",\"resolution\":\"D:\\\\amazonclone\\\\amazon-clone\\\\functions\\\\node_modules\\\\firebase-functions\\\\lib\\\\index.js\"}}"}}
[debug] [2021-05-01T11:58:31.191Z] [runtime-status] [9668] Resolved module firebase-functions {"declared":true,"installed":true,"version":"3.13.2","resolution":"D:\\amazonclone\\amazon-clone\\functions\\node_modules\\firebase-functions\\lib\\index.js"} {"metadata":{"emulator":{"name":"functions"},"function":{"name":"api"},"message":"[runtime-status] [9668] Resolved module firebase-functions {\"declared\":true,\"installed\":true,\"version\":\"3.13.2\",\"resolution\":\"D:\\\\amazonclone\\\\amazon-clone\\\\functions\\\\node_modules\\\\firebase-functions\\\\lib\\\\index.js\"}"}}
[debug] [2021-05-01T11:58:31.193Z] [runtime-status] [9668] Resolved module firebase-admin {"declared":true,"installed":true,"version":"9.6.0","resolution":"D:\\amazonclone\\amazon-clone\\functions\\node_modules\\firebase-admin\\lib\\index.js"} {"metadata":{"emulator":{"name":"functions"},"function":{"name":"api"},"message":"[runtime-status] [9668] Resolved module firebase-admin {\"declared\":true,\"installed\":true,\"version\":\"9.6.0\",\"resolution\":\"D:\\\\amazonclone\\\\amazon-clone\\\\functions\\\\node_modules\\\\firebase-admin\\\\lib\\\\index.js\"}"}}
[debug] [2021-05-01T11:58:31.194Z] [runtime-status] [9668] Resolved module firebase-functions {"declared":true,"installed":true,"version":"3.13.2","resolution":"D:\\amazonclone\\amazon-clone\\functions\\node_modules\\firebase-functions\\lib\\index.js"} {"metadata":{"emulator":{"name":"functions"},"function":{"name":"api"},"message":"[runtime-status] [9668] Resolved module firebase-functions {\"declared\":true,\"installed\":true,\"version\":\"3.13.2\",\"resolution\":\"D:\\\\amazonclone\\\\amazon-clone\\\\functions\\\\node_modules\\\\firebase-functions\\\\lib\\\\index.js\"}"}}
[debug] [2021-05-01T11:58:31.195Z] [runtime-status] [9668] firebase-admin has been stubbed. {"adminResolution":{"declared":true,"installed":true,"version":"9.6.0","resolution":"D:\\amazonclone\\amazon-clone\\functions\\node_modules\\firebase-admin\\lib\\index.js"}} {"metadata":{"emulator":{"name":"functions"},"function":{"name":"api"},"message":"[runtime-status] [9668] firebase-admin has been stubbed. {\"adminResolution\":{\"declared\":true,\"installed\":true,\"version\":\"9.6.0\",\"resolution\":\"D:\\\\amazonclone\\\\amazon-clone\\\\functions\\\\node_modules\\\\firebase-admin\\\\lib\\\\index.js\"}}"}}
[debug] [2021-05-01T11:58:31.503Z] [runtime-status] [9668] Trigger "api" has been found, beginning invocation! {"metadata":{"emulator":{"name":"functions"},"function":{"name":"api"},"message":"[runtime-status] [9668] Trigger \"api\" has been found, beginning invocation!"}}
[info] i  functions: Beginning execution of "api" {"metadata":{"emulator":{"name":"functions"},"function":{"name":"api"},"message":"Beginning execution of \"api\""}}
[debug] [2021-05-01T11:58:31.505Z] [runtime-status] [9668] triggerDefinition {"httpsTrigger":{},"name":"api","entryPoint":"api"} {"metadata":{"emulator":{"name":"functions"},"function":{"name":"api"},"message":"[runtime-status] [9668] triggerDefinition {\"httpsTrigger\":{},\"name\":\"api\",\"entryPoint\":\"api\"}"}}
[debug] [2021-05-01T11:58:31.506Z] [runtime-status] [9668] Running api in mode HTTPS {"metadata":{"emulator":{"name":"functions"},"function":{"name":"api"},"message":"[runtime-status] [9668] Running api in mode HTTPS"}}
[debug] [2021-05-01T11:58:31.521Z] [runtime-status] [9668] Attempting to listen to socketPath: \\?\pipe\D:\amazonclone\amazon-clone\functions\9668 {"metadata":{"emulator":{"name":"functions"},"function":{"name":"api"},"message":"[runtime-status] [9668] Attempting to listen to socketPath: \\\\?\\pipe\\D:\\amazonclone\\amazon-clone\\functions\\9668"}}
[debug] [2021-05-01T11:58:31.530Z] [functions] Runtime ready! Sending request! {"metadata":{"emulator":{"name":"functions"},"message":"[functions] Runtime ready! Sending request!"}}
[debug] [2021-05-01T11:58:31.533Z] [functions] Got req.url=/clone-3cadd/us-central1/api, mapping to path=/ {"metadata":{"emulator":{"name":"functions"},"message":"[functions] Got req.url=/clone-3cadd/us-central1/api, mapping to path=/"}}
[debug] [2021-05-01T11:58:31.554Z] [runtime-status] [9668] Ephemeral server handling GET request {"metadata":{"emulator":{"name":"functions"},"function":{"name":"api"},"message":"[runtime-status] [9668] Ephemeral server handling GET request"}}
[debug] [2021-05-01T11:58:31.572Z] [runtime-status] [9668] Ephemeral server survived. {"metadata":{"emulator":{"name":"functions"},"function":{"name":"api"},"message":"[runtime-status] [9668] Ephemeral server survived."}}
[info] i  functions: Finished "api" in ~1s {"metadata":{"emulator":{"name":"functions"},"function":{"name":"api"},"message":"Finished \"api\" in ~1s"}}
[debug] [2021-05-01T11:58:31.578Z] [worker-api-a861f5f4-52b0-439d-b823-e98db6059041]: IDLE {"metadata":{"emulator":{"name":"functions"},"message":"[worker-api-a861f5f4-52b0-439d-b823-e98db6059041]: IDLE"}}
[debug] [2021-05-01T11:58:31.579Z] [work-queue] {"queueLength":0,"workRunningCount":0}
[debug] [2021-05-01T11:58:32.330Z] Functions emulator received unknown request at path /favicon.ico
[debug] [2021-05-01T11:59:01.868Z] [worker-api-a861f5f4-52b0-439d-b823-e98db6059041]: exited {"metadata":{"emulator":{"name":"functions"},"message":"[worker-api-a861f5f4-52b0-439d-b823-e98db6059041]: exited"}}
[debug] [2021-05-01T11:59:01.868Z] [worker-api-a861f5f4-52b0-439d-b823-e98db6059041]: FINISHED {"metadata":{"emulator":{"name":"functions"},"message":"[worker-api-a861f5f4-52b0-439d-b823-e98db6059041]: FINISHED"}}
